# JRE version: Java(TM) SE Runtime Environment (15.0.1+9) (build 15.0.1+9-18)
# Java VM: Java HotSpot(TM) 64-Bit Server VM (15.0.1+9-18, mixed mode, sharing, tiered, compressed oops, g1 gc, windows-amd64)
GC Precious Log:
 CPUs: 4 total, 4 available
 Memory: 7610M
 Large Page Support: Disabled
 NUMA Support: Disabled
 Compressed Oops: Enabled (32-bit)
 Heap Region Size: 1M
 Heap Min Capacity: 64M
 Heap Initial Capacity: 64M
 Heap Max Capacity: 64M
 Pre-touch: Disabled
 Parallel Workers: 4
 Concurrent Workers: 1
 Concurrent Refinement Workers: 4
 Periodic GC: Disabled
Heap:
 garbage-first heap   total 65536K, used 16390K [0x00000000fc000000, 0x0000000100000000)
  region size 1024K, 7 young (7168K), 1 survivors (1024K)
 Metaspace       used 10360K, capacity 10590K, committed 10624K, reserved 1058816K
  class space    used 1306K, capacity 1379K, committed 1408K, reserved 1048576K
GC Heap History (6 events):
Event: 0.346 GC heap before
{Heap before GC invocations=0 (full 0):
 garbage-first heap   total 65536K, used 15360K [0x00000000fc000000, 0x0000000100000000)
  region size 1024K, 13 young (13312K), 0 survivors (0K)
 Metaspace       used 1752K, capacity 4939K, committed 5120K, reserved 1056768K
  class space    used 157K, capacity 473K, committed 512K, reserved 1048576K
}
Event: 0.349 GC heap after
{Heap after GC invocations=1 (full 0):
 garbage-first heap   total 65536K, used 3512K [0x00000000fc000000, 0x0000000100000000)
  region size 1024K, 2 young (2048K), 2 survivors (2048K)
 Metaspace       used 1752K, capacity 4939K, committed 5120K, reserved 1056768K
  class space    used 157K, capacity 473K, committed 512K, reserved 1048576K
}
Event: 0.645 GC heap before
{Heap before GC invocations=1 (full 0):
 garbage-first heap   total 65536K, used 20920K [0x00000000fc000000, 0x0000000100000000)
  region size 1024K, 17 young (17408K), 2 survivors (2048K)
 Metaspace       used 5144K, capacity 7306K, committed 7424K, reserved 1056768K
  class space    used 684K, capacity 919K, committed 1024K, reserved 1048576K
}
Event: 0.648 GC heap after
{Heap after GC invocations=2 (full 0):
 garbage-first heap   total 65536K, used 10185K [0x00000000fc000000, 0x0000000100000000)
  region size 1024K, 3 young (3072K), 3 survivors (3072K)
 Metaspace       used 5144K, capacity 7306K, committed 7424K, reserved 1056768K
  class space    used 684K, capacity 919K, committed 1024K, reserved 1048576K
}
Event: 26.563 GC heap before
{Heap before GC invocations=2 (full 0):
 garbage-first heap   total 65536K, used 36809K [0x00000000fc000000, 0x0000000100000000)
  region size 1024K, 29 young (29696K), 3 survivors (3072K)
 Metaspace       used 10151K, capacity 10395K, committed 10624K, reserved 1058816K
  class space    used 1289K, capacity 1378K, committed 1408K, reserved 1048576K
}
Event: 26.566 GC heap after
{Heap after GC invocations=3 (full 0):
 garbage-first heap   total 65536K, used 11270K [0x00000000fc000000, 0x0000000100000000)
  region size 1024K, 1 young (1024K), 1 survivors (1024K)
 Metaspace       used 10151K, capacity 10395K, committed 10624K, reserved 1058816K
  class space    used 1289K, capacity 1378K, committed 1408K, reserved 1048576K
}

